#-----------------------------------------------------------
# Vivado v2018.2 (64-bit)
# SW Build 2258646 on Thu Jun 14 20:03:12 MDT 2018
# IP Build 2256618 on Thu Jun 14 22:10:49 MDT 2018
# Start of session at: Sat Apr  3 08:03:48 2021
# Process ID: 15100
# Current directory: C:/Users/Siew Yang Zhi/Desktop/ee2026 final/EE2026_Project
# Command line: vivado.exe -gui_launcher_event rodinguilauncherevent21672 C:\Users\Siew Yang Zhi\Desktop\ee2026 final\EE2026_Project\EE2026_Project.xpr
# Log file: C:/Users/Siew Yang Zhi/Desktop/ee2026 final/EE2026_Project/vivado.log
# Journal file: C:/Users/Siew Yang Zhi/Desktop/ee2026 final/EE2026_Project\vivado.jou
#-----------------------------------------------------------
start_gui
open_project {C:/Users/Siew Yang Zhi/Desktop/ee2026 final/EE2026_Project/EE2026_Project.xpr}
INFO: [Project 1-313] Project file moved from 'C:/Users/Falicia Ong/Documents/EE2026_Project/.Xil/Vivado-14720-DESKTOP-0Q8EHNB/PrjAr/_X_' since last save.
Scanning sources...
Finished scanning sources
INFO: [IP_Flow 19-234] Refreshing IP repositories
INFO: [IP_Flow 19-1704] No user IP repositories specified
INFO: [IP_Flow 19-2313] Loaded Vivado IP repository 'C:/Xilinx/Vivado/2018.2/data/ip'.
open_project: Time (s): cpu = 00:00:13 ; elapsed = 00:00:06 . Memory (MB): peak = 927.289 ; gain = 182.742
update_compile_order -fileset sources_1
exit
INFO: [Common 17-206] Exiting Vivado at Sat Apr  3 08:04:35 2021...
